This is pdfTeX, Version 3.141592653-2.6-1.40.26 (TeX Live 2024) (preloaded format=pdflatex 2024.4.1)  30 MAR 2026 13:31
entering extended mode
 restricted \write18 enabled.
 %&-line parsing enabled.
**main
(./main.tex
LaTeX2e <2023-11-01> patch level 1
L3 programming layer <2024-02-20>
(/usr/local/texlive/2024/texmf-dist/tex/latex/base/article.cls
Document Class: article 2023/05/17 v1.4n Standard LaTeX document class
(/usr/local/texlive/2024/texmf-dist/tex/latex/base/size10.clo
File: size10.clo 2023/05/17 v1.4n Standard LaTeX file (size option)
)
\c@part=\count188
\c@section=\count189
\c@subsection=\count190
\c@subsubsection=\count191
\c@paragraph=\count192
\c@subparagraph=\count193
\c@figure=\count194
\c@table=\count195
\abovecaptionskip=\skip48
\belowcaptionskip=\skip49
\bibindent=\dimen140
)
(/usr/local/texlive/2024/texmf-dist/tex/latex/lineno/lineno.sty
Package: lineno 2023/05/20 line numbers on paragraphs v5.3

(/usr/local/texlive/2024/texmf-dist/tex/latex/etoolbox/etoolbox.sty
Package: etoolbox 2020/10/05 v2.5k e-TeX tools for LaTeX (JAW)
\etb@tempcnta=\count196
)
(/usr/local/texlive/2024/texmf-dist/tex/latex/kvoptions/kvoptions.sty
Package: kvoptions 2022-06-15 v3.15 Key value format for package options (HO)

(/usr/local/texlive/2024/texmf-dist/tex/latex/graphics/keyval.sty
Package: keyval 2022/05/29 v1.15 key=value parser (DPC)
\KV@toks@=\toks17
)
(/usr/local/texlive/2024/texmf-dist/tex/generic/ltxcmds/ltxcmds.sty
Package: ltxcmds 2023-12-04 v1.26 LaTeX kernel commands for general use (HO)
)
(/usr/local/texlive/2024/texmf-dist/tex/latex/kvsetkeys/kvsetkeys.sty
Package: kvsetkeys 2022-10-05 v1.19 Key value parser (HO)
))
\linenopenalty=\count197
\output=\toks18
\linenoprevgraf=\count198
\linenumbersep=\dimen141
\linenumberwidth=\dimen142
\c@linenumber=\count199
\c@pagewiselinenumber=\count266
\c@LN@truepage=\count267
\c@internallinenumber=\count268
\c@internallinenumbers=\count269
\quotelinenumbersep=\dimen143
\bframerule=\dimen144
\bframesep=\dimen145
\bframebox=\box51
LaTeX Info: Redefining \\ on input line 3180.
)
(/usr/local/texlive/2024/texmf-dist/tex/latex/hyperref/hyperref.sty
Package: hyperref 2024-01-20 v7.01h Hypertext links for LaTeX

(/usr/local/texlive/2024/texmf-dist/tex/generic/iftex/iftex.sty
Package: iftex 2022/02/03 v1.0f TeX engine tests
)
(/usr/local/texlive/2024/texmf-dist/tex/generic/kvdefinekeys/kvdefinekeys.sty
Package: kvdefinekeys 2019-12-19 v1.6 Define keys (HO)
)
(/usr/local/texlive/2024/texmf-dist/tex/generic/pdfescape/pdfescape.sty
Package: pdfescape 2019/12/09 v1.15 Implements pdfTeX's escape features (HO)

(/usr/local/texlive/2024/texmf-dist/tex/generic/pdftexcmds/pdftexcmds.sty
Package: pdftexcmds 2020-06-27 v0.33 Utility functions of pdfTeX for LuaTeX (HO
)

(/usr/local/texlive/2024/texmf-dist/tex/generic/infwarerr/infwarerr.sty
Package: infwarerr 2019/12/03 v1.5 Providing info/warning/error messages (HO)
)
Package pdftexcmds Info: \pdf@primitive is available.
Package pdftexcmds Info: \pdf@ifprimitive is available.
Package pdftexcmds Info: \pdfdraftmode found.
))
(/usr/local/texlive/2024/texmf-dist/tex/latex/hycolor/hycolor.sty
Package: hycolor 2020-01-27 v1.10 Color options for hyperref/bookmark (HO)
)
(/usr/local/texlive/2024/texmf-dist/tex/latex/auxhook/auxhook.sty
Package: auxhook 2019-12-17 v1.6 Hooks for auxiliary files (HO)
)
(/usr/local/texlive/2024/texmf-dist/tex/latex/hyperref/nameref.sty
Package: nameref 2023-11-26 v2.56 Cross-referencing by name of section

(/usr/local/texlive/2024/texmf-dist/tex/latex/refcount/refcount.sty
Package: refcount 2019/12/15 v3.6 Data extraction from label references (HO)
)
(/usr/local/texlive/2024/texmf-dist/tex/generic/gettitlestring/gettitlestring.s
ty
Package: gettitlestring 2019/12/15 v1.6 Cleanup title references (HO)
)
\c@section@level=\count270
)
\@linkdim=\dimen146
\Hy@linkcounter=\count271
\Hy@pagecounter=\count272
 (/usr/local/texlive/2024/texmf-dist/tex/latex/hyperref/pd1enc.def
File: pd1enc.def 2024-01-20 v7.01h Hyperref: PDFDocEncoding definition (HO)
Now handling font encoding PD1 ...
... no UTF-8 mapping file for font encoding PD1
)
(/usr/local/texlive/2024/texmf-dist/tex/generic/intcalc/intcalc.sty
Package: intcalc 2019/12/15 v1.3 Expandable calculations with integers (HO)
)
\Hy@SavedSpaceFactor=\count273

(/usr/local/texlive/2024/texmf-dist/tex/latex/hyperref/puenc.def
File: puenc.def 2024-01-20 v7.01h Hyperref: PDF Unicode definition (HO)
Now handling font encoding PU ...
... no UTF-8 mapping file for font encoding PU
)
Package hyperref Info: Hyper figures OFF on input line 4179.
Package hyperref Info: Link nesting OFF on input line 4184.
Package hyperref Info: Hyper index ON on input line 4187.
Package hyperref Info: Plain pages OFF on input line 4194.
Package hyperref Info: Backreferencing OFF on input line 4199.
Package hyperref Info: Implicit mode ON; LaTeX internals redefined.
Package hyperref Info: Bookmarks ON on input line 4446.
\c@Hy@tempcnt=\count274

(/usr/local/texlive/2024/texmf-dist/tex/latex/url/url.sty
\Urlmuskip=\muskip16
Package: url 2013/09/16  ver 3.4  Verb mode for urls, etc.
)
LaTeX Info: Redefining \url on input line 4784.
\XeTeXLinkMargin=\dimen147

(/usr/local/texlive/2024/texmf-dist/tex/generic/bitset/bitset.sty
Package: bitset 2019/12/09 v1.3 Handle bit-vector datatype (HO)

(/usr/local/texlive/2024/texmf-dist/tex/generic/bigintcalc/bigintcalc.sty
Package: bigintcalc 2019/12/15 v1.5 Expandable calculations on big integers (HO
)
))
\Fld@menulength=\count275
\Field@Width=\dimen148
\Fld@charsize=\dimen149
Package hyperref Info: Hyper figures OFF on input line 6063.
Package hyperref Info: Link nesting OFF on input line 6068.
Package hyperref Info: Hyper index ON on input line 6071.
Package hyperref Info: backreferencing OFF on input line 6078.
Package hyperref Info: Link coloring OFF on input line 6083.
Package hyperref Info: Link coloring with OCG OFF on input line 6088.
Package hyperref Info: PDF/A mode OFF on input line 6093.

(/usr/local/texlive/2024/texmf-dist/tex/latex/base/atbegshi-ltx.sty
Package: atbegshi-ltx 2021/01/10 v1.0c Emulation of the original atbegshi
package with kernel methods
)
\Hy@abspage=\count276
\c@Item=\count277
\c@Hfootnote=\count278
)
Package hyperref Info: Driver (autodetected): hpdftex.

(/usr/local/texlive/2024/texmf-dist/tex/latex/hyperref/hpdftex.def
File: hpdftex.def 2024-01-20 v7.01h Hyperref driver for pdfTeX

(/usr/local/texlive/2024/texmf-dist/tex/latex/base/atveryend-ltx.sty
Package: atveryend-ltx 2020/08/19 v1.0a Emulation of the original atveryend pac
kage
with kernel methods
)
\Fld@listcount=\count279
\c@bookmark@seq@number=\count280

(/usr/local/texlive/2024/texmf-dist/tex/latex/rerunfilecheck/rerunfilecheck.sty
Package: rerunfilecheck 2022-07-10 v1.10 Rerun checks for auxiliary files (HO)

(/usr/local/texlive/2024/texmf-dist/tex/generic/uniquecounter/uniquecounter.sty
Package: uniquecounter 2019/12/15 v1.4 Provide unlimited unique counter (HO)
)
Package uniquecounter Info: New unique counter `rerunfilecheck' on input line 2
85.
)
\Hy@SectionHShift=\skip50
) (/usr/local/texlive/2024/texmf-dist/tex/latex/amsmath/amsmath.sty
Package: amsmath 2023/05/13 v2.17o AMS math features
\@mathmargin=\skip51

For additional information on amsmath, use the `?' option.
(/usr/local/texlive/2024/texmf-dist/tex/latex/amsmath/amstext.sty
Package: amstext 2021/08/26 v2.01 AMS text

(/usr/local/texlive/2024/texmf-dist/tex/latex/amsmath/amsgen.sty
File: amsgen.sty 1999/11/30 v2.0 generic functions
\@emptytoks=\toks19
\ex@=\dimen150
))
(/usr/local/texlive/2024/texmf-dist/tex/latex/amsmath/amsbsy.sty
Package: amsbsy 1999/11/29 v1.2d Bold Symbols
\pmbraise@=\dimen151
)
(/usr/local/texlive/2024/texmf-dist/tex/latex/amsmath/amsopn.sty
Package: amsopn 2022/04/08 v2.04 operator names
)
\inf@bad=\count281
LaTeX Info: Redefining \frac on input line 234.
\uproot@=\count282
\leftroot@=\count283
LaTeX Info: Redefining \overline on input line 399.
LaTeX Info: Redefining \colon on input line 410.
\classnum@=\count284
\DOTSCASE@=\count285
LaTeX Info: Redefining \ldots on input line 496.
LaTeX Info: Redefining \dots on input line 499.
LaTeX Info: Redefining \cdots on input line 620.
\Mathstrutbox@=\box52
\strutbox@=\box53
LaTeX Info: Redefining \big on input line 722.
LaTeX Info: Redefining \Big on input line 723.
LaTeX Info: Redefining \bigg on input line 724.
LaTeX Info: Redefining \Bigg on input line 725.
\big@size=\dimen152
LaTeX Font Info:    Redeclaring font encoding OML on input line 743.
LaTeX Font Info:    Redeclaring font encoding OMS on input line 744.
\macc@depth=\count286
LaTeX Info: Redefining \bmod on input line 905.
LaTeX Info: Redefining \pmod on input line 910.
LaTeX Info: Redefining \smash on input line 940.
LaTeX Info: Redefining \relbar on input line 970.
LaTeX Info: Redefining \Relbar on input line 971.
\c@MaxMatrixCols=\count287
\dotsspace@=\muskip17
\c@parentequation=\count288
\dspbrk@lvl=\count289
\tag@help=\toks20
\row@=\count290
\column@=\count291
\maxfields@=\count292
\andhelp@=\toks21
\eqnshift@=\dimen153
\alignsep@=\dimen154
\tagshift@=\dimen155
\tagwidth@=\dimen156
\totwidth@=\dimen157
\lineht@=\dimen158
\@envbody=\toks22
\multlinegap=\skip52
\multlinetaggap=\skip53
\mathdisplay@stack=\toks23
LaTeX Info: Redefining \[ on input line 2953.
LaTeX Info: Redefining \] on input line 2954.
)
\linenoamsmath@ams@eqpen=\count293

(/usr/local/texlive/2024/texmf-dist/tex/latex/amsfonts/amssymb.sty
Package: amssymb 2013/01/14 v3.01 AMS font symbols

(/usr/local/texlive/2024/texmf-dist/tex/latex/amsfonts/amsfonts.sty
Package: amsfonts 2013/01/14 v3.01 Basic AMSFonts support
\symAMSa=\mathgroup4
\symAMSb=\mathgroup5
LaTeX Font Info:    Redeclaring math symbol \hbar on input line 98.
LaTeX Font Info:    Overwriting math alphabet `\mathfrak' in version `bold'
(Font)                  U/euf/m/n --> U/euf/b/n on input line 106.
))
(/usr/local/texlive/2024/texmf-dist/tex/latex/graphics/graphicx.sty
Package: graphicx 2021/09/16 v1.2d Enhanced LaTeX Graphics (DPC,SPQR)

(/usr/local/texlive/2024/texmf-dist/tex/latex/graphics/graphics.sty
Package: graphics 2022/03/10 v1.4e Standard LaTeX Graphics (DPC,SPQR)

(/usr/local/texlive/2024/texmf-dist/tex/latex/graphics/trig.sty
Package: trig 2021/08/11 v1.11 sin cos tan (DPC)
)
(/usr/local/texlive/2024/texmf-dist/tex/latex/graphics-cfg/graphics.cfg
File: graphics.cfg 2016/06/04 v1.11 sample graphics configuration
)
Package graphics Info: Driver file: pdftex.def on input line 107.

(/usr/local/texlive/2024/texmf-dist/tex/latex/graphics-def/pdftex.def
File: pdftex.def 2022/09/22 v1.2b Graphics/color driver for pdftex
))
\Gin@req@height=\dimen159
\Gin@req@width=\dimen160
)
(/usr/local/texlive/2024/texmf-dist/tex/latex/tools/tabularx.sty
Package: tabularx 2023/07/08 v2.11c `tabularx' package (DPC)

(/usr/local/texlive/2024/texmf-dist/tex/latex/tools/array.sty
Package: array 2023/10/16 v2.5g Tabular extension package (FMi)
\col@sep=\dimen161
\ar@mcellbox=\box54
\extrarowheight=\dimen162
\NC@list=\toks24
\extratabsurround=\skip54
\backup@length=\skip55
\ar@cellbox=\box55
)
\TX@col@width=\dimen163
\TX@old@table=\dimen164
\TX@old@col=\dimen165
\TX@target=\dimen166
\TX@delta=\dimen167
\TX@cols=\count294
\TX@ftn=\toks25
)
(/usr/local/texlive/2024/texmf-dist/tex/latex/mdwtools/footnote.sty
Package: footnote 1997/01/28 1.13 Save footnotes around boxes
\fn@notes=\box56
\fn@width=\dimen168
)
(/usr/local/texlive/2024/texmf-dist/tex/latex/titlesec/titlesec.sty
Package: titlesec 2023/10/27 v2.16 Sectioning titles
\ttl@box=\box57
\beforetitleunit=\skip56
\aftertitleunit=\skip57
\ttl@plus=\dimen169
\ttl@minus=\dimen170
\ttl@toksa=\toks26
\titlewidth=\dimen171
\titlewidthlast=\dimen172
\titlewidthfirst=\dimen173
)
(/usr/local/texlive/2024/texmf-dist/tex/latex/overpic/overpic.sty
Package: overpic 2024/01/06 2.1 picture overlays (RN)

(/usr/local/texlive/2024/texmf-dist/tex/latex/eepic/epic.sty
Enhancements to Picture Environment. Version 1.2 - Released June 1, 1986
\@@multicnt=\count295
\d@lta=\count296
\@delta=\dimen174
\@@delta=\dimen175
\@gridcnt=\count297
\@joinkind=\count298
\@dotgap=\dimen176
\@ddotgap=\dimen177
\@x@diff=\count299
\@y@diff=\count300
\x@diff=\dimen178
\y@diff=\dimen179
\@dotbox=\box58
\num@segments=\count301
\num@segmentsi=\count302
\@datafile=\read2
)
\OVP@box=\box59
) (/usr/local/texlive/2024/texmf-dist/tex/latex/subfigure/subfigure.sty
Package: subfigure 2002/03/15 v2.1.5 subfigure package
\subfigtopskip=\skip58
\subfigcapskip=\skip59
\subfigcaptopadj=\dimen180
\subfigbottomskip=\skip60
\subfigcapmargin=\dimen181
\subfiglabelskip=\skip61
\c@subfigure=\count303
\c@lofdepth=\count304
\c@subtable=\count305
\c@lotdepth=\count306

****************************************
* Local config file subfigure.cfg used *
****************************************
(/usr/local/texlive/2024/texmf-dist/tex/latex/subfigure/subfigure.cfg)
\subfig@top=\skip62
\subfig@bottom=\skip63
)
(/usr/local/texlive/2024/texmf-dist/tex/latex/subfigmat/subfigmat.sty
Package: subfigmat 1999/02/27 v1.0 Subfigure Matrix Package
\sfm@width=\skip64
\sfmcolsep=\skip65
\c@sfm@count=\count307
)
(/usr/local/texlive/2024/texmf-dist/tex/latex/l3backend/l3backend-pdftex.def
File: l3backend-pdftex.def 2024-02-20 L3 backend support: PDF output (pdfTeX)
\l__color_backend_stack_int=\count308
\l__pdf_internal_box=\box60
)
(./main.aux)
\openout1 = `main.aux'.

LaTeX Font Info:    Checking defaults for OML/cmm/m/it on input line 119.
LaTeX Font Info:    ... okay on input line 119.
LaTeX Font Info:    Checking defaults for OMS/cmsy/m/n on input line 119.
LaTeX Font Info:    ... okay on input line 119.
LaTeX Font Info:    Checking defaults for OT1/cmr/m/n on input line 119.
LaTeX Font Info:    ... okay on input line 119.
LaTeX Font Info:    Checking defaults for T1/cmr/m/n on input line 119.
LaTeX Font Info:    ... okay on input line 119.
LaTeX Font Info:    Checking defaults for TS1/cmr/m/n on input line 119.
LaTeX Font Info:    ... okay on input line 119.
LaTeX Font Info:    Checking defaults for OMX/cmex/m/n on input line 119.
LaTeX Font Info:    ... okay on input line 119.
LaTeX Font Info:    Checking defaults for U/cmr/m/n on input line 119.
LaTeX Font Info:    ... okay on input line 119.
LaTeX Font Info:    Checking defaults for PD1/pdf/m/n on input line 119.
LaTeX Font Info:    ... okay on input line 119.
LaTeX Font Info:    Checking defaults for PU/pdf/m/n on input line 119.
LaTeX Font Info:    ... okay on input line 119.
Package hyperref Info: Link coloring OFF on input line 119.
 (./main.out) (./main.out)
\@outlinefile=\write3
\openout3 = `main.out'.


(/usr/local/texlive/2024/texmf-dist/tex/context/base/mkii/supp-pdf.mkii
[Loading MPS to PDF converter (version 2006.09.02).]
\scratchcounter=\count309
\scratchdimen=\dimen182
\scratchbox=\box61
\nofMPsegments=\count310
\nofMParguments=\count311
\everyMPshowfont=\toks27
\MPscratchCnt=\count312
\MPscratchDim=\dimen183
\MPnumerator=\count313
\makeMPintoPDFobject=\count314
\everyMPtoPDFconversion=\toks28
) (/usr/local/texlive/2024/texmf-dist/tex/latex/epstopdf-pkg/epstopdf-base.sty
Package: epstopdf-base 2020-01-24 v2.11 Base part for package epstopdf
Package epstopdf-base Info: Redefining graphics rule for `.eps' on input line 4
85.

(/usr/local/texlive/2024/texmf-dist/tex/latex/latexconfig/epstopdf-sys.cfg
File: epstopdf-sys.cfg 2010/07/13 v1.3 Configuration of (r)epstopdf for TeX Liv
e
))
LaTeX Font Info:    Trying to load font information for U+msa on input line 121
.

(/usr/local/texlive/2024/texmf-dist/tex/latex/amsfonts/umsa.fd
File: umsa.fd 2013/01/14 v3.01 AMS symbols A
)
LaTeX Font Info:    Trying to load font information for U+msb on input line 121
.

(/usr/local/texlive/2024/texmf-dist/tex/latex/amsfonts/umsb.fd
File: umsb.fd 2013/01/14 v3.01 AMS symbols B
)

LaTeX Warning: Citation `YeEstebe...' on page 1 undefined on input line 143.


LaTeX Warning: Citation `MOF' on page 1 undefined on input line 147.


LaTeX Warning: Citation `YeEstebe...' on page 1 undefined on input line 148.

[1

{/usr/local/texlive/2024/texmf-var/fonts/map/pdftex/updmap/pdftex.map}{/usr/loc
al/texlive/2024/texmf-dist/fonts/enc/dvips/cm-super/cm-super-ts1.enc}]

LaTeX Warning: Citation `SusPuckett' on page 2 undefined on input line 157.


Overfull \hbox (0.13943pt too wide) in paragraph at lines 152--159
[]\OT1/cmr/m/n/10 In this ar-ti-cle, we present a ``Par-ti-cle Level Set Moment
-of-Fluid'' (PLSMOF)
 []

[2]
Overfull \hbox (5.42795pt too wide) in paragraph at lines 280--280
 []\OT1/cmr/m/n/10 reconstruction 
 []


Overfull \hbox (1.51128pt too wide) in paragraph at lines 280--280
 []\OT1/cmr/m/n/10 discretization| 
 []


Overfull \hbox (2.78905pt too wide) in paragraph at lines 280--280
 [][]$ 
 []


Overfull \hbox (3.55293pt too wide) in paragraph at lines 280--280
 []$[][]$ 
 []


Overfull \hbox (7.56688pt too wide) in paragraph at lines 280--280
 \OT1/cmr/m/n/10 Chaturvedi[[]]| 
 []


Underfull \hbox (badness 10000) in paragraph at lines 292--292

 []

Package epstopdf Info: Source file: <checkerboardMOF.eps>
(epstopdf)                    date: 2024-03-18 11:13:59
(epstopdf)                    size: 33025 bytes
(epstopdf)             Output file: <checkerboardMOF-eps-converted-to.pdf>
(epstopdf)                    date: 2024-03-18 11:13:59
(epstopdf)                    size: 6834 bytes
(epstopdf)             Command: <repstopdf --outfile=checkerboardMOF-eps-conver
ted-to.pdf checkerboardMOF.eps>
(epstopdf)             \includegraphics on input line 300.
Package epstopdf Info: Output file is already uptodate.
<checkerboardMOF-eps-converted-to.pdf, id=165, 598.235pt x 531.9875pt>
File: checkerboardMOF-eps-converted-to.pdf Graphic file (type pdf)
<use checkerboardMOF-eps-converted-to.pdf>
Package pdftex.def Info: checkerboardMOF-eps-converted-to.pdf  used on input li
ne 300.
(pdftex.def)             Requested size: 137.9979pt x 122.71172pt.
Package epstopdf Info: Source file: <CMOFcentroid.eps>
(epstopdf)                    date: 2024-03-18 11:13:59
(epstopdf)                    size: 7422 bytes
(epstopdf)             Output file: <CMOFcentroid-eps-converted-to.pdf>
(epstopdf)                    date: 2024-03-18 11:13:59
(epstopdf)                    size: 6086 bytes
(epstopdf)             Command: <repstopdf --outfile=CMOFcentroid-eps-converted
-to.pdf CMOFcentroid.eps>
(epstopdf)             \includegraphics on input line 327.
Package epstopdf Info: Output file is already uptodate.
<CMOFcentroid-eps-converted-to.pdf, id=172, 517.935pt x 517.935pt>
File: CMOFcentroid-eps-converted-to.pdf Graphic file (type pdf)
<use CMOFcentroid-eps-converted-to.pdf>
Package pdftex.def Info: CMOFcentroid-eps-converted-to.pdf  used on input line 
327.
(pdftex.def)             Requested size: 276.00105pt x 276.01372pt.
[3 <./checkerboardMOF-eps-converted-to.pdf>] [4] [5 <./CMOFcentroid-eps-convert
ed-to.pdf>]
Overfull \hbox (4.33409pt too wide) in paragraph at lines 372--379
\OT1/cmr/m/n/10 have de-vel-oped (i) front track-ing methods[[], []], (ii) fron
t cap-tur-ing methods[[],
 []

Package epstopdf Info: Source file: <zoomed_in.eps>
(epstopdf)                    date: 2024-03-18 11:14:00
(epstopdf)                    size: 41233 bytes
(epstopdf)             Output file: <zoomed_in-eps-converted-to.pdf>
(epstopdf)                    date: 2024-03-18 11:14:00
(epstopdf)                    size: 9196 bytes
(epstopdf)             Command: <repstopdf --outfile=zoomed_in-eps-converted-to
.pdf zoomed_in.eps>
(epstopdf)             \includegraphics on input line 406.
Package epstopdf Info: Output file is already uptodate.
<zoomed_in-eps-converted-to.pdf, id=242, 598.235pt x 531.9875pt>
File: zoomed_in-eps-converted-to.pdf Graphic file (type pdf)
<use zoomed_in-eps-converted-to.pdf>
Package pdftex.def Info: zoomed_in-eps-converted-to.pdf  used on input line 406
.
(pdftex.def)             Requested size: 155.24895pt x 138.05373pt.
Package epstopdf Info: Source file: <zoomed_out.eps>
(epstopdf)                    date: 2024-03-18 11:14:00
(epstopdf)                    size: 116690 bytes
(epstopdf)             Output file: <zoomed_out-eps-converted-to.pdf>
(epstopdf)                    date: 2024-03-18 11:14:00
(epstopdf)                    size: 20091 bytes
(epstopdf)             Command: <repstopdf --outfile=zoomed_out-eps-converted-t
o.pdf zoomed_out.eps>
(epstopdf)             \includegraphics on input line 407.
Package epstopdf Info: Output file is already uptodate.
<zoomed_out-eps-converted-to.pdf, id=243, 598.235pt x 531.9875pt>
File: zoomed_out-eps-converted-to.pdf Graphic file (type pdf)
<use zoomed_out-eps-converted-to.pdf>
Package pdftex.def Info: zoomed_out-eps-converted-to.pdf  used on input line 40
7.
(pdftex.def)             Requested size: 155.24895pt x 138.05373pt.
[6] [7 <./zoomed_in-eps-converted-to.pdf> <./zoomed_out-eps-converted-to.pdf>]
[8]
Package epstopdf Info: Source file: <tank_levelset.eps>
(epstopdf)                    date: 2024-03-18 11:14:00
(epstopdf)                    size: 6291 bytes
(epstopdf)             Output file: <tank_levelset-eps-converted-to.pdf>
(epstopdf)                    date: 2024-03-18 11:14:00
(epstopdf)                    size: 8600 bytes
(epstopdf)             Command: <repstopdf --outfile=tank_levelset-eps-converte
d-to.pdf tank_levelset.eps>
(epstopdf)             \includegraphics on input line 650.
Package epstopdf Info: Output file is already uptodate.
<tank_levelset-eps-converted-to.pdf, id=317, 598.235pt x 499.8675pt>
File: tank_levelset-eps-converted-to.pdf Graphic file (type pdf)
<use tank_levelset-eps-converted-to.pdf>
Package pdftex.def Info: tank_levelset-eps-converted-to.pdf  used on input line
 650.
(pdftex.def)             Requested size: 241.49895pt x 201.78928pt.
Package epstopdf Info: Source file: <ice_levelset.eps>
(epstopdf)                    date: 2024-03-18 11:14:00
(epstopdf)                    size: 6163 bytes
(epstopdf)             Output file: <ice_levelset-eps-converted-to.pdf>
(epstopdf)                    date: 2024-03-18 11:14:00
(epstopdf)                    size: 7593 bytes
(epstopdf)             Command: <repstopdf --outfile=ice_levelset-eps-converted
-to.pdf ice_levelset.eps>
(epstopdf)             \includegraphics on input line 681.
Package epstopdf Info: Output file is already uptodate.
<ice_levelset-eps-converted-to.pdf, id=322, 589.20125pt x 435.6275pt>
File: ice_levelset-eps-converted-to.pdf Graphic file (type pdf)
<use ice_levelset-eps-converted-to.pdf>
Package pdftex.def Info: ice_levelset-eps-converted-to.pdf  used on input line 
681.
(pdftex.def)             Requested size: 241.49895pt x 178.55525pt.
Package epstopdf Info: Source file: <liquid_lens.eps>
(epstopdf)                    date: 2024-03-18 11:14:00
(epstopdf)                    size: 2834 bytes
(epstopdf)             Output file: <liquid_lens-eps-converted-to.pdf>
(epstopdf)                    date: 2024-03-18 11:14:00
(epstopdf)                    size: 5123 bytes
(epstopdf)             Command: <repstopdf --outfile=liquid_lens-eps-converted-
to.pdf liquid_lens.eps>
(epstopdf)             \includegraphics on input line 712.
Package epstopdf Info: Output file is already uptodate.
<liquid_lens-eps-converted-to.pdf, id=331, 435.6275pt x 439.6425pt>
File: liquid_lens-eps-converted-to.pdf Graphic file (type pdf)
<use liquid_lens-eps-converted-to.pdf>
Package pdftex.def Info: liquid_lens-eps-converted-to.pdf  used on input line 7
12.
(pdftex.def)             Requested size: 241.49895pt x 243.72272pt.
 [9] [10 <./tank_levelset-eps-converted-to.pdf>] [11 <./ice_levelset-eps-conver
ted-to.pdf>] [12 <./liquid_lens-eps-converted-to.pdf>]
Package epstopdf Info: Source file: <triple_point_drop_impact.eps>
(epstopdf)                    date: 2024-03-18 11:14:00
(epstopdf)                    size: 223681 bytes
(epstopdf)             Output file: <triple_point_drop_impact-eps-converted-to.
pdf>
(epstopdf)                    date: 2024-03-18 11:14:00
(epstopdf)                    size: 15294 bytes
(epstopdf)             Command: <repstopdf --outfile=triple_point_drop_impact-e
ps-converted-to.pdf triple_point_drop_impact.eps>
(epstopdf)             \includegraphics on input line 761.
Package epstopdf Info: Output file is already uptodate.
<triple_point_drop_impact-eps-converted-to.pdf, id=393, 394.47375pt x 191.71625
pt>
File: triple_point_drop_impact-eps-converted-to.pdf Graphic file (type pdf)
<use triple_point_drop_impact-eps-converted-to.pdf>
Package pdftex.def Info: triple_point_drop_impact-eps-converted-to.pdf  used on
 input line 761.
(pdftex.def)             Requested size: 276.00105pt x 134.13902pt.
 [13 <./triple_point_drop_impact-eps-converted-to.pdf>]
Overfull \hbox (9.41223pt too wide) in paragraph at lines 858--867
\OT1/cmr/bx/n/10 frac-tions and Cen-troids: \OT1/cmr/m/n/10 The (con-tin-u-ous)
 moment-of-fluid re-con-structed
 []

[14]
Overfull \hbox (3.48935pt too wide) in alignment at lines 881--887
 [][][] []
 []

Package epstopdf Info: Source file: <stag_uniform.eps>
(epstopdf)                    date: 2024-03-18 11:14:00
(epstopdf)                    size: 8980 bytes
(epstopdf)             Output file: <stag_uniform-eps-converted-to.pdf>
(epstopdf)                    date: 2024-03-18 11:14:00
(epstopdf)                    size: 5322 bytes
(epstopdf)             Command: <repstopdf --outfile=stag_uniform-eps-converted
-to.pdf stag_uniform.eps>
(epstopdf)             \includegraphics on input line 932.
Package epstopdf Info: Output file is already uptodate.
<stag_uniform-eps-converted-to.pdf, id=474, 555.07375pt x 489.83pt>
File: stag_uniform-eps-converted-to.pdf Graphic file (type pdf)
<use stag_uniform-eps-converted-to.pdf>
Package pdftex.def Info: stag_uniform-eps-converted-to.pdf  used on input line 
932.
(pdftex.def)             Requested size: 241.49895pt x 213.1117pt.
[15] [16 <./stag_uniform-eps-converted-to.pdf>]
Package epstopdf Info: Source file: <mof_reconstruction.eps>
(epstopdf)                    date: 2024-03-18 11:14:00
(epstopdf)                    size: 196053 bytes
(epstopdf)             Output file: <mof_reconstruction-eps-converted-to.pdf>
(epstopdf)                    date: 2024-03-18 11:14:00
(epstopdf)                    size: 12376 bytes
(epstopdf)             Command: <repstopdf --outfile=mof_reconstruction-eps-con
verted-to.pdf mof_reconstruction.eps>
(epstopdf)             \includegraphics on input line 1003.
Package epstopdf Info: Output file is already uptodate.
<mof_reconstruction-eps-converted-to.pdf, id=498, 257.96375pt x 128.48pt>
File: mof_reconstruction-eps-converted-to.pdf Graphic file (type pdf)
<use mof_reconstruction-eps-converted-to.pdf>
Package pdftex.def Info: mof_reconstruction-eps-converted-to.pdf  used on input
 line 1003.
(pdftex.def)             Requested size: 276.00105pt x 137.47615pt.
Package epstopdf Info: Source file: <mof_tes.eps>
(epstopdf)                    date: 2024-03-18 11:14:00
(epstopdf)                    size: 116767 bytes
(epstopdf)             Output file: <mof_tes-eps-converted-to.pdf>
(epstopdf)                    date: 2024-03-18 11:14:00
(epstopdf)                    size: 4315 bytes
(epstopdf)             Command: <repstopdf --outfile=mof_tes-eps-converted-to.p
df mof_tes.eps>
(epstopdf)             \includegraphics on input line 1022.
Package epstopdf Info: Output file is already uptodate.
<mof_tes-eps-converted-to.pdf, id=501, 315.1775pt x 58.2175pt>
File: mof_tes-eps-converted-to.pdf Graphic file (type pdf)
<use mof_tes-eps-converted-to.pdf>
Package pdftex.def Info: mof_tes-eps-converted-to.pdf  used on input line 1022.

(pdftex.def)             Requested size: 276.00105pt x 50.9837pt.
 [17] [18 <./mof_reconstruction-eps-converted-to.pdf> <./mof_tes-eps-converted-
to.pdf>] [19]
Overfull \hbox (5.9468pt too wide) in paragraph at lines 1143--1147
[]\OT1/cmr/m/n/10 In 2D, at the very start of a sim-u-la-tion, one ran-domly cr
e-ates $\OML/cmm/m/it/10 n[] \OT1/cmr/m/n/10 =
 []


Overfull \hbox (21.66628pt too wide) in paragraph at lines 1143--1147
\OT1/cmr/m/n/10 100[]$ sam-ple pairs for lines cut-ting through a given cell: $
(^^B[]\OML/cmm/m/it/10 ; F[]\OT1/cmr/m/n/10 )$. 
 []

[20]
Package epstopdf Info: Source file: <DT_figure.eps>
(epstopdf)                    date: 2024-03-18 11:13:59
(epstopdf)                    size: 7981 bytes
(epstopdf)             Output file: <DT_figure-eps-converted-to.pdf>
(epstopdf)                    date: 2024-03-18 11:13:59
(epstopdf)                    size: 7886 bytes
(epstopdf)             Command: <repstopdf --outfile=DT_figure-eps-converted-to
.pdf DT_figure.eps>
(epstopdf)             \includegraphics on input line 1211.
Package epstopdf Info: Output file is already uptodate.
<DT_figure-eps-converted-to.pdf, id=572, 682.55pt x 504.88625pt>
File: DT_figure-eps-converted-to.pdf Graphic file (type pdf)
<use DT_figure-eps-converted-to.pdf>
Package pdftex.def Info: DT_figure-eps-converted-to.pdf  used on input line 121
1.
(pdftex.def)             Requested size: 276.00105pt x 204.16194pt.
 [21 <./DT_figure-eps-converted-to.pdf>] [22]
Package epstopdf Info: Source file: <redistancing.eps>
(epstopdf)                    date: 2024-03-18 11:14:00
(epstopdf)                    size: 149109 bytes
(epstopdf)             Output file: <redistancing-eps-converted-to.pdf>
(epstopdf)                    date: 2024-03-18 11:14:00
(epstopdf)                    size: 7933 bytes
(epstopdf)             Command: <repstopdf --outfile=redistancing-eps-converted
-to.pdf redistancing.eps>
(epstopdf)             \includegraphics on input line 1313.
Package epstopdf Info: Output file is already uptodate.
<redistancing-eps-converted-to.pdf, id=603, 372.39125pt x 129.48375pt>
File: redistancing-eps-converted-to.pdf Graphic file (type pdf)
<use redistancing-eps-converted-to.pdf>
Package pdftex.def Info: redistancing-eps-converted-to.pdf  used on input line 
1313.
(pdftex.def)             Requested size: 276.00105pt x 95.97057pt.
Package epstopdf Info: Source file: <redistancing_3D.eps>
(epstopdf)                    date: 2024-03-18 11:14:00
(epstopdf)                    size: 120375 bytes
(epstopdf)             Output file: <redistancing_3D-eps-converted-to.pdf>
(epstopdf)                    date: 2024-03-18 11:14:00
(epstopdf)                    size: 5394 bytes
(epstopdf)             Command: <repstopdf --outfile=redistancing_3D-eps-conver
ted-to.pdf redistancing_3D.eps>
(epstopdf)             \includegraphics on input line 1322.
Package epstopdf Info: Output file is already uptodate.
<redistancing_3D-eps-converted-to.pdf, id=604, 287.0725pt x 174.6525pt>
File: redistancing_3D-eps-converted-to.pdf Graphic file (type pdf)
<use redistancing_3D-eps-converted-to.pdf>
Package pdftex.def Info: redistancing_3D-eps-converted-to.pdf  used on input li
ne 1322.
(pdftex.def)             Requested size: 276.00105pt x 167.92032pt.
Package epstopdf Info: Source file: <redistancing_ils.eps>
(epstopdf)                    date: 2024-03-18 11:14:00
(epstopdf)                    size: 190152 bytes
(epstopdf)             Output file: <redistancing_ils-eps-converted-to.pdf>
(epstopdf)                    date: 2024-03-18 11:14:00
(epstopdf)                    size: 10840 bytes
(epstopdf)             Command: <repstopdf --outfile=redistancing_ils-eps-conve
rted-to.pdf redistancing_ils.eps>
(epstopdf)             \includegraphics on input line 1331.
Package epstopdf Info: Output file is already uptodate.
<redistancing_ils-eps-converted-to.pdf, id=605, 360.34625pt x 185.69376pt>
File: redistancing_ils-eps-converted-to.pdf Graphic file (type pdf)
<use redistancing_ils-eps-converted-to.pdf>
Package pdftex.def Info: redistancing_ils-eps-converted-to.pdf  used on input l
ine 1331.
(pdftex.def)             Requested size: 276.00105pt x 142.22809pt.
 [23 <./redistancing-eps-converted-to.pdf>] [24 <./redistancing_3D-eps-converte
d-to.pdf> <./redistancing_ils-eps-converted-to.pdf>]

LaTeX Warning: `!h' float specifier changed to `!ht'.

Package epstopdf Info: Source file: <zalesak_compare.eps>
(epstopdf)                    date: 2024-03-18 11:14:00
(epstopdf)                    size: 104782 bytes
(epstopdf)             Output file: <zalesak_compare-eps-converted-to.pdf>
(epstopdf)                    date: 2024-03-18 11:14:00
(epstopdf)                    size: 15839 bytes
(epstopdf)             Command: <repstopdf --outfile=zalesak_compare-eps-conver
ted-to.pdf zalesak_compare.eps>
(epstopdf)             \includegraphics on input line 1422.
Package epstopdf Info: Output file is already uptodate.
<zalesak_compare-eps-converted-to.pdf, id=652, 598.235pt x 531.9875pt>
File: zalesak_compare-eps-converted-to.pdf Graphic file (type pdf)
<use zalesak_compare-eps-converted-to.pdf>
Package pdftex.def Info: zalesak_compare-eps-converted-to.pdf  used on input li
ne 1422.
(pdftex.def)             Requested size: 276.00105pt x 245.43967pt.
[25] [26 <./zalesak_compare-eps-converted-to.pdf>]
Package epstopdf Info: Source file: <CMOF_formation.eps>
(epstopdf)                    date: 2024-03-18 11:13:59
(epstopdf)                    size: 160608 bytes
(epstopdf)             Output file: <CMOF_formation-eps-converted-to.pdf>
(epstopdf)                    date: 2024-03-18 11:13:59
(epstopdf)                    size: 25231 bytes
(epstopdf)             Command: <repstopdf --outfile=CMOF_formation-eps-convert
ed-to.pdf CMOF_formation.eps>
(epstopdf)             \includegraphics on input line 1460.
Package epstopdf Info: Output file is already uptodate.
<CMOF_formation-eps-converted-to.pdf, id=678, 598.235pt x 531.9875pt>
File: CMOF_formation-eps-converted-to.pdf Graphic file (type pdf)
<use CMOF_formation-eps-converted-to.pdf>
Package pdftex.def Info: CMOF_formation-eps-converted-to.pdf  used on input lin
e 1460.
(pdftex.def)             Requested size: 310.4979pt x 276.11557pt.
Package epstopdf Info: Source file: <MOF_formation.eps>
(epstopdf)                    date: 2024-03-18 11:13:59
(epstopdf)                    size: 193683 bytes
(epstopdf)             Output file: <MOF_formation-eps-converted-to.pdf>
(epstopdf)                    date: 2024-03-18 11:13:59
(epstopdf)                    size: 33015 bytes
(epstopdf)             Command: <repstopdf --outfile=MOF_formation-eps-converte
d-to.pdf MOF_formation.eps>
(epstopdf)             \includegraphics on input line 1470.
Package epstopdf Info: Output file is already uptodate.
<MOF_formation-eps-converted-to.pdf, id=679, 598.235pt x 531.9875pt>
File: MOF_formation-eps-converted-to.pdf Graphic file (type pdf)
<use MOF_formation-eps-converted-to.pdf>
Package pdftex.def Info: MOF_formation-eps-converted-to.pdf  used on input line
 1470.
(pdftex.def)             Requested size: 310.4979pt x 276.11557pt.
 [27] [28 <./CMOF_formation-eps-converted-to.pdf>] [29 <./MOF_formation-eps-con
verted-to.pdf>]
Package epstopdf Info: Source file: <CMOF_lens.eps>
(epstopdf)                    date: 2024-03-18 11:13:59
(epstopdf)                    size: 135324 bytes
(epstopdf)             Output file: <CMOF_lens-eps-converted-to.pdf>
(epstopdf)                    date: 2024-03-18 11:13:59
(epstopdf)                    size: 21490 bytes
(epstopdf)             Command: <repstopdf --outfile=CMOF_lens-eps-converted-to
.pdf CMOF_lens.eps>
(epstopdf)             \includegraphics on input line 1554.
Package epstopdf Info: Output file is already uptodate.
<CMOF_lens-eps-converted-to.pdf, id=739, 598.235pt x 531.9875pt>
File: CMOF_lens-eps-converted-to.pdf Graphic file (type pdf)
<use CMOF_lens-eps-converted-to.pdf>
Package pdftex.def Info: CMOF_lens-eps-converted-to.pdf  used on input line 155
4.
(pdftex.def)             Requested size: 276.00105pt x 245.43967pt.
Package epstopdf Info: Source file: <MOFNOISE.eps>
(epstopdf)                    date: 2024-03-18 11:13:59
(epstopdf)                    size: 155216 bytes
(epstopdf)             Output file: <MOFNOISE-eps-converted-to.pdf>
(epstopdf)                    date: 2024-03-18 11:13:59
(epstopdf)                    size: 24396 bytes
(epstopdf)             Command: <repstopdf --outfile=MOFNOISE-eps-converted-to.
pdf MOFNOISE.eps>
(epstopdf)             \includegraphics on input line 1576.
Package epstopdf Info: Output file is already uptodate.
<MOFNOISE-eps-converted-to.pdf, id=742, 598.235pt x 531.9875pt>
File: MOFNOISE-eps-converted-to.pdf Graphic file (type pdf)
<use MOFNOISE-eps-converted-to.pdf>
Package pdftex.def Info: MOFNOISE-eps-converted-to.pdf  used on input line 1576
.
(pdftex.def)             Requested size: 276.00105pt x 245.43967pt.
 [30] [31 <./CMOF_lens-eps-converted-to.pdf>] [32 <./MOFNOISE-eps-converted-to.
pdf>] [33]
[34]
Package epstopdf Info: Source file: <dencell_mixture.eps>
(epstopdf)                    date: 2024-03-18 11:14:00
(epstopdf)                    size: 7365 bytes
(epstopdf)             Output file: <dencell_mixture-eps-converted-to.pdf>
(epstopdf)                    date: 2024-03-18 11:14:00
(epstopdf)                    size: 6190 bytes
(epstopdf)             Command: <repstopdf --outfile=dencell_mixture-eps-conver
ted-to.pdf dencell_mixture.eps>
(epstopdf)             \includegraphics on input line 1856.
Package epstopdf Info: Output file is already uptodate.
<dencell_mixture-eps-converted-to.pdf, id=838, 350.30875pt x 347.2975pt>
File: dencell_mixture-eps-converted-to.pdf Graphic file (type pdf)
<use dencell_mixture-eps-converted-to.pdf>
Package pdftex.def Info: dencell_mixture-eps-converted-to.pdf  used on input li
ne 1856.
(pdftex.def)             Requested size: 241.49895pt x 239.42885pt.
Package epstopdf Info: Source file: <denMAC_mixture.eps>
(epstopdf)                    date: 2024-03-18 11:14:00
(epstopdf)                    size: 4567 bytes
(epstopdf)             Output file: <denMAC_mixture-eps-converted-to.pdf>
(epstopdf)                    date: 2024-03-18 11:14:00
(epstopdf)                    size: 6037 bytes
(epstopdf)             Command: <repstopdf --outfile=denMAC_mixture-eps-convert
ed-to.pdf denMAC_mixture.eps>
(epstopdf)             \includegraphics on input line 1881.
Package epstopdf Info: Output file is already uptodate.
<denMAC_mixture-eps-converted-to.pdf, id=839, 350.30875pt x 347.2975pt>
File: denMAC_mixture-eps-converted-to.pdf Graphic file (type pdf)
<use denMAC_mixture-eps-converted-to.pdf>
Package pdftex.def Info: denMAC_mixture-eps-converted-to.pdf  used on input lin
e 1881.
(pdftex.def)             Requested size: 241.49895pt x 239.42885pt.
Package epstopdf Info: Source file: <freeze1d.eps>
(epstopdf)                    date: 2024-03-18 11:14:00
(epstopdf)                    size: 91804 bytes
(epstopdf)             Output file: <freeze1d-eps-converted-to.pdf>
(epstopdf)                    date: 2024-03-18 11:14:00
(epstopdf)                    size: 13196 bytes
(epstopdf)             Command: <repstopdf --outfile=freeze1d-eps-converted-to.
pdf freeze1d.eps>
(epstopdf)             \includegraphics on input line 1949.
Package epstopdf Info: Output file is already uptodate.
<freeze1d-eps-converted-to.pdf, id=844, 598.235pt x 531.9875pt>
File: freeze1d-eps-converted-to.pdf Graphic file (type pdf)
<use freeze1d-eps-converted-to.pdf>
Package pdftex.def Info: freeze1d-eps-converted-to.pdf  used on input line 1949
.
(pdftex.def)             Requested size: 276.00105pt x 245.43967pt.
Package epstopdf Info: Source file: <freezing_verification.eps>
(epstopdf)                    date: 2024-03-18 11:14:00
(epstopdf)                    size: 113726 bytes
(epstopdf)             Output file: <freezing_verification-eps-converted-to.pdf
>
(epstopdf)                    date: 2024-03-18 11:14:00
(epstopdf)                    size: 31926 bytes
(epstopdf)             Command: <repstopdf --outfile=freezing_verification-eps-
converted-to.pdf freezing_verification.eps>
(epstopdf)             \includegraphics on input line 1961.
Package epstopdf Info: Output file is already uptodate.
<freezing_verification-eps-converted-to.pdf, id=845, 361.35pt x 216.81pt>
File: freezing_verification-eps-converted-to.pdf Graphic file (type pdf)
<use freezing_verification-eps-converted-to.pdf>
Package pdftex.def Info: freezing_verification-eps-converted-to.pdf  used on in
put line 1961.
(pdftex.def)             Requested size: 276.00105pt x 165.60106pt.
Package epstopdf Info: Source file: <ICE_HEIGHT.eps>
(epstopdf)                    date: 2024-03-18 11:13:59
(epstopdf)                    size: 165264 bytes
(epstopdf)             Output file: <ICE_HEIGHT-eps-converted-to.pdf>
(epstopdf)                    date: 2024-03-18 11:13:59
(epstopdf)                    size: 47301 bytes
(epstopdf)             Command: <repstopdf --outfile=ICE_HEIGHT-eps-converted-t
o.pdf ICE_HEIGHT.eps>
(epstopdf)             \includegraphics on input line 1973.
Package epstopdf Info: Output file is already uptodate.
<ICE_HEIGHT-eps-converted-to.pdf, id=846, 361.35pt x 216.81pt>
File: ICE_HEIGHT-eps-converted-to.pdf Graphic file (type pdf)
<use ICE_HEIGHT-eps-converted-to.pdf>
Package pdftex.def Info: ICE_HEIGHT-eps-converted-to.pdf  used on input line 19
73.
(pdftex.def)             Requested size: 276.00105pt x 165.60106pt.
Package epstopdf Info: Source file: <freezing0000May2023.eps>
(epstopdf)                    date: 2024-03-18 11:14:00
(epstopdf)                    size: 2156309 bytes
(epstopdf)             Output file: <freezing0000May2023-eps-converted-to.pdf>
(epstopdf)                    date: 2024-03-18 11:14:00
(epstopdf)                    size: 179169 bytes
(epstopdf)             Command: <repstopdf --outfile=freezing0000May2023-eps-co
nverted-to.pdf freezing0000May2023.eps>
(epstopdf)             \includegraphics on input line 2003.
Package epstopdf Info: Output file is already uptodate.
<freezing0000May2023-eps-converted-to.pdf, id=847, 598.235pt x 531.9875pt>
File: freezing0000May2023-eps-converted-to.pdf Graphic file (type pdf)
<use freezing0000May2023-eps-converted-to.pdf>
Package pdftex.def Info: freezing0000May2023-eps-converted-to.pdf  used on inpu
t line 2003.
(pdftex.def)             Requested size: 137.9979pt x 122.71172pt.
Package epstopdf Info: Source file: <freezing3200May2023.eps>
(epstopdf)                    date: 2024-03-18 11:14:00
(epstopdf)                    size: 2207896 bytes
(epstopdf)             Output file: <freezing3200May2023-eps-converted-to.pdf>
(epstopdf)                    date: 2024-03-18 11:14:00
(epstopdf)                    size: 248579 bytes
(epstopdf)             Command: <repstopdf --outfile=freezing3200May2023-eps-co
nverted-to.pdf freezing3200May2023.eps>
(epstopdf)             \includegraphics on input line 2004.
Package epstopdf Info: Output file is already uptodate.
<freezing3200May2023-eps-converted-to.pdf, id=848, 598.235pt x 531.9875pt>
File: freezing3200May2023-eps-converted-to.pdf Graphic file (type pdf)
<use freezing3200May2023-eps-converted-to.pdf>
Package pdftex.def Info: freezing3200May2023-eps-converted-to.pdf  used on inpu
t line 2004.
(pdftex.def)             Requested size: 137.9979pt x 122.71172pt.
Package epstopdf Info: Source file: <freezing5200May2023.eps>
(epstopdf)                    date: 2024-03-18 11:14:00
(epstopdf)                    size: 2207496 bytes
(epstopdf)             Output file: <freezing5200May2023-eps-converted-to.pdf>
(epstopdf)                    date: 2024-03-18 11:14:00
(epstopdf)                    size: 251212 bytes
(epstopdf)             Command: <repstopdf --outfile=freezing5200May2023-eps-co
nverted-to.pdf freezing5200May2023.eps>
(epstopdf)             \includegraphics on input line 2005.
Package epstopdf Info: Output file is already uptodate.
<freezing5200May2023-eps-converted-to.pdf, id=849, 598.235pt x 531.9875pt>
File: freezing5200May2023-eps-converted-to.pdf Graphic file (type pdf)
<use freezing5200May2023-eps-converted-to.pdf>
Package pdftex.def Info: freezing5200May2023-eps-converted-to.pdf  used on inpu
t line 2005.
(pdftex.def)             Requested size: 137.9979pt x 122.71172pt.
Package epstopdf Info: Source file: <freezing6800May2023.eps>
(epstopdf)                    date: 2024-03-18 11:14:00
(epstopdf)                    size: 2186675 bytes
(epstopdf)             Output file: <freezing6800May2023-eps-converted-to.pdf>
(epstopdf)                    date: 2024-03-18 11:14:00
(epstopdf)                    size: 252931 bytes
(epstopdf)             Command: <repstopdf --outfile=freezing6800May2023-eps-co
nverted-to.pdf freezing6800May2023.eps>
(epstopdf)             \includegraphics on input line 2006.
Package epstopdf Info: Output file is already uptodate.
<freezing6800May2023-eps-converted-to.pdf, id=850, 598.235pt x 531.9875pt>
File: freezing6800May2023-eps-converted-to.pdf Graphic file (type pdf)
<use freezing6800May2023-eps-converted-to.pdf>
Package pdftex.def Info: freezing6800May2023-eps-converted-to.pdf  used on inpu
t line 2006.
(pdftex.def)             Requested size: 137.9979pt x 122.71172pt.
 [35] [36 <./dencell_mixture-eps-converted-to.pdf>] [37 <./denMAC_mixture-eps-c
onverted-to.pdf>] [38 <./freeze1d-eps-converted-to.pdf> <./freezing_verificatio
n-eps-converted-to.pdf>] [39 <./ICE_HEIGHT-eps-converted-to.pdf> <./freezing000
0May2023-eps-converted-to.pdf> <./freezing3200May2023-eps-converted-to.pdf> <./
freezing5200May2023-eps-converted-to.pdf> <./freezing6800May2023-eps-converted-
to.pdf>]

LaTeX Warning: `!h' float specifier changed to `!ht'.

Package epstopdf Info: Source file: <3D_WEJ4p875_0.eps>
(epstopdf)                    date: 2024-03-18 11:13:59
(epstopdf)                    size: 321726 bytes
(epstopdf)             Output file: <3D_WEJ4p875_0-eps-converted-to.pdf>
(epstopdf)                    date: 2024-03-18 11:13:59
(epstopdf)                    size: 33235 bytes
(epstopdf)             Command: <repstopdf --outfile=3D_WEJ4p875_0-eps-converte
d-to.pdf 3D_WEJ4p875_0.eps>
(epstopdf)             \includegraphics on input line 2103.
Package epstopdf Info: Output file is already uptodate.
<3D_WEJ4p875_0-eps-converted-to.pdf, id=978, 566.115pt x 503.8825pt>
File: 3D_WEJ4p875_0-eps-converted-to.pdf Graphic file (type pdf)
<use 3D_WEJ4p875_0-eps-converted-to.pdf>
Package pdftex.def Info: 3D_WEJ4p875_0-eps-converted-to.pdf  used on input line
 2103.
(pdftex.def)             Requested size: 103.50105pt x 92.11732pt.
Package epstopdf Info: Source file: <3D_WEJ4p875_400.eps>
(epstopdf)                    date: 2024-03-18 11:13:59
(epstopdf)                    size: 320231 bytes
(epstopdf)             Output file: <3D_WEJ4p875_400-eps-converted-to.pdf>
(epstopdf)                    date: 2024-03-18 11:13:59
(epstopdf)                    size: 33712 bytes
(epstopdf)             Command: <repstopdf --outfile=3D_WEJ4p875_400-eps-conver
ted-to.pdf 3D_WEJ4p875_400.eps>
(epstopdf)             \includegraphics on input line 2104.
Package epstopdf Info: Output file is already uptodate.
<3D_WEJ4p875_400-eps-converted-to.pdf, id=979, 566.115pt x 503.8825pt>
File: 3D_WEJ4p875_400-eps-converted-to.pdf Graphic file (type pdf)
<use 3D_WEJ4p875_400-eps-converted-to.pdf>
Package pdftex.def Info: 3D_WEJ4p875_400-eps-converted-to.pdf  used on input li
ne 2104.
(pdftex.def)             Requested size: 103.50105pt x 92.11732pt.
Package epstopdf Info: Source file: <3D_WEJ4p875_800.eps>
(epstopdf)                    date: 2024-03-18 11:13:59
(epstopdf)                    size: 319124 bytes
(epstopdf)             Output file: <3D_WEJ4p875_800-eps-converted-to.pdf>
(epstopdf)                    date: 2024-03-18 11:13:59
(epstopdf)                    size: 33385 bytes
(epstopdf)             Command: <repstopdf --outfile=3D_WEJ4p875_800-eps-conver
ted-to.pdf 3D_WEJ4p875_800.eps>
(epstopdf)             \includegraphics on input line 2105.
Package epstopdf Info: Output file is already uptodate.
<3D_WEJ4p875_800-eps-converted-to.pdf, id=980, 566.115pt x 503.8825pt>
File: 3D_WEJ4p875_800-eps-converted-to.pdf Graphic file (type pdf)
<use 3D_WEJ4p875_800-eps-converted-to.pdf>
Package pdftex.def Info: 3D_WEJ4p875_800-eps-converted-to.pdf  used on input li
ne 2105.
(pdftex.def)             Requested size: 103.50105pt x 92.11732pt.
Package epstopdf Info: Source file: <3D_WEJ5p25_0.eps>
(epstopdf)                    date: 2024-03-18 11:13:59
(epstopdf)                    size: 311912 bytes
(epstopdf)             Output file: <3D_WEJ5p25_0-eps-converted-to.pdf>
(epstopdf)                    date: 2024-03-18 11:13:59
(epstopdf)                    size: 32518 bytes
(epstopdf)             Command: <repstopdf --outfile=3D_WEJ5p25_0-eps-converted
-to.pdf 3D_WEJ5p25_0.eps>
(epstopdf)             \includegraphics on input line 2118.
Package epstopdf Info: Output file is already uptodate.
<3D_WEJ5p25_0-eps-converted-to.pdf, id=981, 566.115pt x 503.8825pt>
File: 3D_WEJ5p25_0-eps-converted-to.pdf Graphic file (type pdf)
<use 3D_WEJ5p25_0-eps-converted-to.pdf>
Package pdftex.def Info: 3D_WEJ5p25_0-eps-converted-to.pdf  used on input line 
2118.
(pdftex.def)             Requested size: 103.50105pt x 92.11732pt.
Package epstopdf Info: Source file: <3D_WEJ5p25_400.eps>
(epstopdf)                    date: 2024-03-18 11:13:59
(epstopdf)                    size: 313360 bytes
(epstopdf)             Output file: <3D_WEJ5p25_400-eps-converted-to.pdf>
(epstopdf)                    date: 2024-03-18 11:13:59
(epstopdf)                    size: 33199 bytes
(epstopdf)             Command: <repstopdf --outfile=3D_WEJ5p25_400-eps-convert
ed-to.pdf 3D_WEJ5p25_400.eps>
(epstopdf)             \includegraphics on input line 2119.
Package epstopdf Info: Output file is already uptodate.
<3D_WEJ5p25_400-eps-converted-to.pdf, id=982, 566.115pt x 503.8825pt>
File: 3D_WEJ5p25_400-eps-converted-to.pdf Graphic file (type pdf)
<use 3D_WEJ5p25_400-eps-converted-to.pdf>
Package pdftex.def Info: 3D_WEJ5p25_400-eps-converted-to.pdf  used on input lin
e 2119.
(pdftex.def)             Requested size: 103.50105pt x 92.11732pt.
Package epstopdf Info: Source file: <3D_WEJ5p25_800.eps>
(epstopdf)                    date: 2024-03-18 11:13:59
(epstopdf)                    size: 312793 bytes
(epstopdf)             Output file: <3D_WEJ5p25_800-eps-converted-to.pdf>
(epstopdf)                    date: 2024-03-18 11:13:59
(epstopdf)                    size: 32765 bytes
(epstopdf)             Command: <repstopdf --outfile=3D_WEJ5p25_800-eps-convert
ed-to.pdf 3D_WEJ5p25_800.eps>
(epstopdf)             \includegraphics on input line 2120.
Package epstopdf Info: Output file is already uptodate.
<3D_WEJ5p25_800-eps-converted-to.pdf, id=983, 566.115pt x 503.8825pt>
File: 3D_WEJ5p25_800-eps-converted-to.pdf Graphic file (type pdf)
<use 3D_WEJ5p25_800-eps-converted-to.pdf>
Package pdftex.def Info: 3D_WEJ5p25_800-eps-converted-to.pdf  used on input lin
e 2120.
(pdftex.def)             Requested size: 103.50105pt x 92.11732pt.
Package epstopdf Info: Source file: <MLBLUE_VS_GNRED.eps>
(epstopdf)                    date: 2024-03-18 11:13:59
(epstopdf)                    size: 369635 bytes
(epstopdf)             Output file: <MLBLUE_VS_GNRED-eps-converted-to.pdf>
(epstopdf)                    date: 2024-03-18 11:13:59
(epstopdf)                    size: 71059 bytes
(epstopdf)             Command: <repstopdf --outfile=MLBLUE_VS_GNRED-eps-conver
ted-to.pdf MLBLUE_VS_GNRED.eps>
(epstopdf)             \includegraphics on input line 2134.
Package epstopdf Info: Output file is already uptodate.
<MLBLUE_VS_GNRED-eps-converted-to.pdf, id=984, 598.235pt x 531.9875pt>
File: MLBLUE_VS_GNRED-eps-converted-to.pdf Graphic file (type pdf)
<use MLBLUE_VS_GNRED-eps-converted-to.pdf>
Package pdftex.def Info: MLBLUE_VS_GNRED-eps-converted-to.pdf  used on input li
ne 2134.
(pdftex.def)             Requested size: 276.00105pt x 245.43967pt.
[40] [41 <./3D_WEJ4p875_0-eps-converted-to.pdf> <./3D_WEJ4p875_400-eps-converte
d-to.pdf> <./3D_WEJ4p875_800-eps-converted-to.pdf> <./3D_WEJ5p25_0-eps-converte
d-to.pdf> <./3D_WEJ5p25_400-eps-converted-to.pdf> <./3D_WEJ5p25_800-eps-convert
ed-to.pdf>] [42 <./MLBLUE_VS_GNRED-eps-converted-to.pdf>] (./main.bbl [43]
[44] [45] [46] [47] [48]) [49] (./main.aux)
 ***********
LaTeX2e <2023-11-01> patch level 1
L3 programming layer <2024-02-20>
 ***********


LaTeX Warning: There were undefined references.

Package rerunfilecheck Info: File `main.out' has not changed.
(rerunfilecheck)             Checksum: 1AF6F049C669E36D31679BA82E0F33D6;4771.
 ) 
Here is how much of TeX's memory you used:
 11358 strings out of 474116
 177920 string characters out of 5743683
 1959187 words of memory out of 5000000
 33351 multiletter control sequences out of 15000+600000
 570647 words of font info for 83 fonts, out of 8000000 for 9000
 1141 hyphenation exceptions out of 8191
 69i,15n,79p,1765b,685s stack positions out of 10000i,1000n,20000p,200000b,200000s
</usr/local/texlive/2024/texmf-dist/fonts/type1/public/amsfonts/cm/cmbx10.pfb
></usr/local/texlive/2024/texmf-dist/fonts/type1/public/amsfonts/cm/cmbx12.pfb>
</usr/local/texlive/2024/texmf-dist/fonts/type1/public/amsfonts/cm/cmcsc10.pfb>
</usr/local/texlive/2024/texmf-dist/fonts/type1/public/amsfonts/cm/cmex10.pfb><
/usr/local/texlive/2024/texmf-dist/fonts/type1/public/amsfonts/cm/cmmi10.pfb></
usr/local/texlive/2024/texmf-dist/fonts/type1/public/amsfonts/cm/cmmi5.pfb></us
r/local/texlive/2024/texmf-dist/fonts/type1/public/amsfonts/cm/cmmi7.pfb></usr/
local/texlive/2024/texmf-dist/fonts/type1/public/amsfonts/cm/cmmib10.pfb></usr/
local/texlive/2024/texmf-dist/fonts/type1/public/amsfonts/cm/cmr10.pfb></usr/lo
cal/texlive/2024/texmf-dist/fonts/type1/public/amsfonts/cm/cmr12.pfb></usr/loca
l/texlive/2024/texmf-dist/fonts/type1/public/amsfonts/cm/cmr17.pfb></usr/local/
texlive/2024/texmf-dist/fonts/type1/public/amsfonts/cm/cmr5.pfb></usr/local/tex
live/2024/texmf-dist/fonts/type1/public/amsfonts/cm/cmr7.pfb></usr/local/texliv
e/2024/texmf-dist/fonts/type1/public/amsfonts/cm/cmr8.pfb></usr/local/texlive/2
024/texmf-dist/fonts/type1/public/amsfonts/cm/cmss8.pfb></usr/local/texlive/202
4/texmf-dist/fonts/type1/public/amsfonts/cm/cmsy10.pfb></usr/local/texlive/2024
/texmf-dist/fonts/type1/public/amsfonts/cm/cmsy7.pfb></usr/local/texlive/2024/t
exmf-dist/fonts/type1/public/amsfonts/cm/cmti10.pfb></usr/local/texlive/2024/te
xmf-dist/fonts/type1/public/amsfonts/symbols/msbm10.pfb></usr/local/texlive/202
4/texmf-dist/fonts/type1/public/cm-super/sfrm0600.pfb></usr/local/texlive/2024/
texmf-dist/fonts/type1/public/cm-super/sfrm1200.pfb></usr/local/texlive/2024/te
xmf-dist/fonts/type1/urw/times/utmr8a.pfb>
Output written on main.pdf (49 pages, 1823529 bytes).
PDF statistics:
 1203 PDF objects out of 1440 (max. 8388607)
 955 compressed objects within 10 object streams
 212 named destinations out of 1000 (max. 500000)
 309 words of extra memory for PDF output out of 10000 (max. 10000000)

